<?xml version="1.0" encoding="UTF-8"?>
<!-- Generated by org.testng.reporters.JUnitReportReporter -->
<testsuite hostname="Vidhyashreepc-123" failures="0" tests="1" name="demo.sample" time="0.148" errors="0" timestamp="2025-02-05T14:26:40 IST" skipped="0">
  <testcase classname="demo.sample" name="practice" time="0.148"/>
</testsuite> <!-- demo.sample -->
